0 info it worked if it ends with ok
1 verbose cli [ '/Users/alex/.nvm/versions/node/v6.11.0/bin/node',
1 verbose cli   '/Users/alex/.nvm/versions/node/v6.11.0/bin/npm',
1 verbose cli   'run',
1 verbose cli   'test' ]
2 info using npm@3.10.10
3 info using node@v6.11.0
4 verbose run-script [ 'pretest', 'test', 'posttest' ]
5 info lifecycle node-gfs@1.0.0~pretest: node-gfs@1.0.0
6 silly lifecycle node-gfs@1.0.0~pretest: no script for pretest, continuing
7 info lifecycle node-gfs@1.0.0~test: node-gfs@1.0.0
8 verbose lifecycle node-gfs@1.0.0~test: unsafe-perm in lifecycle true
9 verbose lifecycle node-gfs@1.0.0~test: PATH: /Users/alex/.nvm/versions/node/v6.11.0/lib/node_modules/npm/bin/node-gyp-bin:/Volumes/data/my_data/dev/mcta/node-gfs/node_modules/.bin:/Users/alex/.nvm/versions/node/v6.11.0/bin:/usr/local/bin:/usr/bin:/bin:/usr/sbin:/sbin
10 verbose lifecycle node-gfs@1.0.0~test: CWD: /Volumes/data/my_data/dev/mcta/node-gfs
11 silly lifecycle node-gfs@1.0.0~test: Args: [ '-c',
11 silly lifecycle   'mocha ./**/test/*.test.js --compilers js:babel-register' ]
12 silly lifecycle node-gfs@1.0.0~test: Returned: code: 3  signal: null
13 info lifecycle node-gfs@1.0.0~test: Failed to exec test script
14 verbose stack Error: node-gfs@1.0.0 test: `mocha ./**/test/*.test.js --compilers js:babel-register`
14 verbose stack Exit status 3
14 verbose stack     at EventEmitter.<anonymous> (/Users/alex/.nvm/versions/node/v6.11.0/lib/node_modules/npm/lib/utils/lifecycle.js:255:16)
14 verbose stack     at emitTwo (events.js:106:13)
14 verbose stack     at EventEmitter.emit (events.js:191:7)
14 verbose stack     at ChildProcess.<anonymous> (/Users/alex/.nvm/versions/node/v6.11.0/lib/node_modules/npm/lib/utils/spawn.js:40:14)
14 verbose stack     at emitTwo (events.js:106:13)
14 verbose stack     at ChildProcess.emit (events.js:191:7)
14 verbose stack     at maybeClose (internal/child_process.js:891:16)
14 verbose stack     at Process.ChildProcess._handle.onexit (internal/child_process.js:226:5)
15 verbose pkgid node-gfs@1.0.0
16 verbose cwd /Volumes/data/my_data/dev/mcta/node-gfs
17 error Darwin 14.5.0
18 error argv "/Users/alex/.nvm/versions/node/v6.11.0/bin/node" "/Users/alex/.nvm/versions/node/v6.11.0/bin/npm" "run" "test"
19 error node v6.11.0
20 error npm  v3.10.10
21 error code ELIFECYCLE
22 error node-gfs@1.0.0 test: `mocha ./**/test/*.test.js --compilers js:babel-register`
22 error Exit status 3
23 error Failed at the node-gfs@1.0.0 test script 'mocha ./**/test/*.test.js --compilers js:babel-register'.
23 error Make sure you have the latest version of node.js and npm installed.
23 error If you do, this is most likely a problem with the node-gfs package,
23 error not with npm itself.
23 error Tell the author that this fails on your system:
23 error     mocha ./**/test/*.test.js --compilers js:babel-register
23 error You can get information on how to open an issue for this project with:
23 error     npm bugs node-gfs
23 error Or if that isn't available, you can get their info via:
23 error     npm owner ls node-gfs
23 error There is likely additional logging output above.
24 verbose exit [ 1, true ]
